0:0:0:0:0:0:0:1 - - [26/Apr/2015:14:00:08 +0000] "GET /hello-world HTTP/1.1" 200 57 52 52
0:0:0:0:0:0:0:1 - - [26/Apr/2015:14:00:08 +0000] "GET /favicon.ico HTTP/1.1" 404 1329 4 4
0:0:0:0:0:0:0:1 - - [26/Apr/2015:14:00:18 +0000] "GET /people HTTP/1.1" 500 1478 56 56
0:0:0:0:0:0:0:1 - - [26/Apr/2015:14:14:42 +0000] "GET /hello-world HTTP/1.1" 200 57 51 51
0:0:0:0:0:0:0:1 - - [26/Apr/2015:14:14:47 +0000] "GET /hello-world?name=Graham HTTP/1.1" 200 55 4 4
0:0:0:0:0:0:0:1 - - [26/Apr/2015:14:16:02 +0000] "POST /hello-world HTTP/1.1" 400 1481 12 12
0:0:0:0:0:0:0:1 - - [26/Apr/2015:15:59:27 +0000] "POST /hello-world HTTP/1.1" 422 403 46 46
0:0:0:0:0:0:0:1 - - [26/Apr/2015:15:59:27 +0000] "POST /hello-world HTTP/1.1" 422 403 2 2
0:0:0:0:0:0:0:1 - - [26/Apr/2015:16:00:07 +0000] "POST /hello-world HTTP/1.1" 204 0 1 1
0:0:0:0:0:0:0:1 - - [26/Apr/2015:16:03:35 +0000] "POST /hello-world HTTP/1.1" 204 0 81 81
0:0:0:0:0:0:0:1 - - [26/Apr/2015:16:03:35 +0000] "GET /hello-world HTTP/1.1" 200 57 9 9
0:0:0:0:0:0:0:1 - - [26/Apr/2015:16:03:47 +0000] "POST /hello-world HTTP/1.1" 204 0 3 3
0:0:0:0:0:0:0:1 - - [26/Apr/2015:16:04:00 +0000] "POST /hello-world HTTP/1.1" 204 0 3 3
0:0:0:0:0:0:0:1 - - [26/Apr/2015:16:05:08 +0000] "POST /hello-world HTTP/1.1" 200 44 3 3
0:0:0:0:0:0:0:1 - - [26/Apr/2015:16:05:14 +0000] "POST /hello-world HTTP/1.1" 200 44 3 3
0:0:0:0:0:0:0:1 - - [26/Apr/2015:16:06:31 +0000] "GET /protected HTTP/1.1" 401 49 3 3
0:0:0:0:0:0:0:1 - - [26/Apr/2015:16:06:42 +0000] "GET /protected HTTP/1.1" 200 67 3 3
0:0:0:0:0:0:0:1 - - [26/Apr/2015:16:07:11 +0000] "GET /protected HTTP/1.1" 200 67 2 2
0:0:0:0:0:0:0:1 - - [26/Apr/2015:16:07:12 +0000] "GET /protected HTTP/1.1" 200 67 2 2
0:0:0:0:0:0:0:1 - - [26/Apr/2015:16:13:36 +0000] "GET /protected HTTP/1.1" 200 67 2 2
0:0:0:0:0:0:0:1 - - [26/Apr/2015:16:14:03 +0000] "GET /hello-world HTTP/1.1" 200 57 35 35
0:0:0:0:0:0:0:1 - - [26/Apr/2015:16:14:08 +0000] "POST /hello-world HTTP/1.1" 200 44 22 22
